[0.050s] Invoking command in '/home/user/ws/build/ADS1115': CMAKE_PREFIX_PATH=/opt/ros/humble /usr/bin/cmake /home/user/ws/src/ADS1115 -DCMAKE_INSTALL_PREFIX=/home/user/ws/install/ADS1115
[1.228s] -- The C compiler identification is GNU 11.4.0
[1.969s] -- The CXX compiler identification is GNU 11.4.0
[2.013s] -- Detecting C compiler ABI info
[2.379s] -- Detecting C compiler ABI info - done
[2.404s] -- Check for working C compiler: /usr/bin/cc - skipped
[2.406s] -- Detecting C compile features
[2.409s] -- Detecting C compile features - done
[2.424s] -- Detecting CXX compiler ABI info
[2.878s] -- Detecting CXX compiler ABI info - done
[2.903s] -- Check for working CXX compiler: /usr/bin/c++ - skipped
[2.904s] -- Detecting CXX compile features
[2.906s] -- Detecting CXX compile features - done
[2.930s] -- Found ament_cmake: 1.3.9 (/opt/ros/humble/share/ament_cmake/cmake)
[3.611s] -- Found Python3: /usr/bin/python3 (found version "3.10.12") found components: Interpreter 
[4.135s] -- Found ament_lint_auto: 0.12.11 (/opt/ros/humble/share/ament_lint_auto/cmake)
[4.349s] WARNING: Package name "ADS1115" does not follow the naming conventions. It should start with a lower case letter and only contain lower case letters, digits, underscores, and dashes.
[4.530s] -- Added test 'cppcheck' to perform static code analysis on C / C++ code
[4.531s] -- Configured cppcheck include dirs: $<BUILD_INTERFACE:/home/user/ws/src/ADS1115/include>
[4.531s] -- Configured cppcheck exclude dirs and/or files: 
[4.536s] -- Added test 'lint_cmake' to check CMake code style
[4.544s] -- Added test 'uncrustify' to check C / C++ code style
[4.545s] -- Configured uncrustify additional arguments: 
[4.548s] -- Added test 'xmllint' to check XML markup files
[4.556s] -- Configuring done
[4.581s] -- Generating done
[4.585s] -- Build files have been written to: /home/user/ws/build/ADS1115
[4.599s] Invoked command in '/home/user/ws/build/ADS1115' returned '0': CMAKE_PREFIX_PATH=/opt/ros/humble /usr/bin/cmake /home/user/ws/src/ADS1115 -DCMAKE_INSTALL_PREFIX=/home/user/ws/install/ADS1115
[4.608s] Invoking command in '/home/user/ws/build/ADS1115': CMAKE_PREFIX_PATH=/opt/ros/humble /usr/bin/cmake --build /home/user/ws/build/ADS1115 -- -j4 -l4
[4.786s] [ 50%] [32mBuilding CXX object CMakeFiles/battery_monitor.dir/src/battery_monitor.cpp.o[0m
[4.836s] [01m[K/home/user/ws/src/ADS1115/src/battery_monitor.cpp:1:10:[m[K [01;31m[Kfatal error: [m[Krclcpp/rclcpp.hpp: No such file or directory
[4.836s]     1 | #include [01;31m[K"rclcpp/rclcpp.hpp"[m[K
[4.837s]       |          [01;31m[K^~~~~~~~~~~~~~~~~~~[m[K
[4.837s] compilation terminated.
[4.844s] gmake[2]: *** [CMakeFiles/battery_monitor.dir/build.make:76: CMakeFiles/battery_monitor.dir/src/battery_monitor.cpp.o] Error 1
[4.845s] gmake[1]: *** [CMakeFiles/Makefile2:137: CMakeFiles/battery_monitor.dir/all] Error 2
[4.846s] gmake: *** [Makefile:146: all] Error 2
[4.852s] Invoked command in '/home/user/ws/build/ADS1115' returned '2': CMAKE_PREFIX_PATH=/opt/ros/humble /usr/bin/cmake --build /home/user/ws/build/ADS1115 -- -j4 -l4
