[0.034s] Invoking command in '/home/user/ws/build/ads1115': CMAKE_PREFIX_PATH=/opt/ros/humble /usr/bin/cmake /home/user/ws/src/ads1115 -DCMAKE_INSTALL_PREFIX=/home/user/ws/install/ads1115
[0.283s] -- The C compiler identification is GNU 11.4.0
[0.523s] -- The CXX compiler identification is GNU 11.4.0
[0.554s] -- Detecting C compiler ABI info
[0.842s] -- Detecting C compiler ABI info - done
[0.867s] -- Check for working C compiler: /usr/bin/cc - skipped
[0.868s] -- Detecting C compile features
[0.869s] -- Detecting C compile features - done
[0.880s] -- Detecting CXX compiler ABI info
[1.204s] -- Detecting CXX compiler ABI info - done
[1.229s] -- Check for working CXX compiler: /usr/bin/c++ - skipped
[1.230s] -- Detecting CXX compile features
[1.231s] -- Detecting CXX compile features - done
[1.247s] -- Found ament_cmake: 1.3.9 (/opt/ros/humble/share/ament_cmake/cmake)
[1.898s] -- Found Python3: /usr/bin/python3 (found version "3.10.12") found components: Interpreter 
[2.331s] -- Found ament_lint_auto: 0.12.11 (/opt/ros/humble/share/ament_lint_auto/cmake)
[2.685s] -- Added test 'cppcheck' to perform static code analysis on C / C++ code
[2.685s] -- Configured cppcheck include dirs: $<BUILD_INTERFACE:/home/user/ws/src/ads1115/include>
[2.685s] -- Configured cppcheck exclude dirs and/or files: 
[2.688s] -- Added test 'lint_cmake' to check CMake code style
[2.695s] -- Added test 'uncrustify' to check C / C++ code style
[2.695s] -- Configured uncrustify additional arguments: 
[2.697s] -- Added test 'xmllint' to check XML markup files
[2.703s] -- Configuring done
[2.726s] -- Generating done
[2.730s] -- Build files have been written to: /home/user/ws/build/ads1115
[2.744s] Invoked command in '/home/user/ws/build/ads1115' returned '0': CMAKE_PREFIX_PATH=/opt/ros/humble /usr/bin/cmake /home/user/ws/src/ads1115 -DCMAKE_INSTALL_PREFIX=/home/user/ws/install/ads1115
[2.754s] Invoking command in '/home/user/ws/build/ads1115': CMAKE_PREFIX_PATH=/opt/ros/humble /usr/bin/cmake --build /home/user/ws/build/ads1115 -- -j4 -l4
[2.930s] [ 50%] [32mBuilding CXX object CMakeFiles/battery_monitor.dir/src/battery_monitor.cpp.o[0m
[2.974s] [01m[K/home/user/ws/src/ads1115/src/battery_monitor.cpp:1:10:[m[K [01;31m[Kfatal error: [m[Krclcpp/rclcpp.hpp: No such file or directory
[2.975s]     1 | #include [01;31m[K"rclcpp/rclcpp.hpp"[m[K
[2.975s]       |          [01;31m[K^~~~~~~~~~~~~~~~~~~[m[K
[2.975s] compilation terminated.
[2.978s] gmake[2]: *** [CMakeFiles/battery_monitor.dir/build.make:76: CMakeFiles/battery_monitor.dir/src/battery_monitor.cpp.o] Error 1
[2.979s] gmake[1]: *** [CMakeFiles/Makefile2:137: CMakeFiles/battery_monitor.dir/all] Error 2
[2.979s] gmake: *** [Makefile:146: all] Error 2
[2.986s] Invoked command in '/home/user/ws/build/ads1115' returned '2': CMAKE_PREFIX_PATH=/opt/ros/humble /usr/bin/cmake --build /home/user/ws/build/ads1115 -- -j4 -l4
