[35m[1mConsolidate compiler generated dependencies of target battery_monitor[0m
[ 50%] [32mBuilding CXX object CMakeFiles/battery_monitor.dir/src/battery_monitor.cpp.o[0m
[01m[K/home/user/ws/src/ads1115/src/battery_monitor.cpp:[m[K In member function â€˜[01m[Kvoid ADS1115::measure()[m[Kâ€™:
[01m[K/home/user/ws/src/ads1115/src/battery_monitor.cpp:45:12:[m[K [01;31m[Kerror: [m[Kredeclaration of â€˜[01m[Kchar buf [2][m[Kâ€™
   45 |       char [01;31m[Kbuf[m[K[2] = {0};
      |            [01;31m[K^~~[m[K
[01m[K/home/user/ws/src/ads1115/src/battery_monitor.cpp:42:12:[m[K [01;36m[Knote: [m[Kâ€˜[01m[Kchar buf [2][m[Kâ€™ previously declared here
   42 |       char [01;36m[Kbuf[m[K[2] = {0};
      |            [01;36m[K^~~[m[K
gmake[2]: *** [CMakeFiles/battery_monitor.dir/build.make:76: CMakeFiles/battery_monitor.dir/src/battery_monitor.cpp.o] Error 1
gmake[1]: *** [CMakeFiles/Makefile2:137: CMakeFiles/battery_monitor.dir/all] Error 2
gmake: *** [Makefile:146: all] Error 2
