-- Found ament_cmake: 1.3.9 (/opt/ros/humble/share/ament_cmake/cmake)
-- Found rclcpp: 16.0.9 (/opt/ros/humble/share/rclcpp/cmake)
-- Found rosidl_generator_c: 3.1.5 (/opt/ros/humble/share/rosidl_generator_c/cmake)
-- Found rosidl_adapter: 3.1.5 (/opt/ros/humble/share/rosidl_adapter/cmake)
-- Found rosidl_generator_cpp: 3.1.5 (/opt/ros/humble/share/rosidl_generator_cpp/cmake)
-- Using all available rosidl_typesupport_c: rosidl_typesupport_fastrtps_c;rosidl_typesupport_introspection_c
-- Using all available rosidl_typesupport_cpp: rosidl_typesupport_fastrtps_cpp;rosidl_typesupport_introspection_cpp
-- Found rmw_implementation_cmake: 6.1.2 (/opt/ros/humble/share/rmw_implementation_cmake/cmake)
-- Found rmw_fastrtps_cpp: 6.2.6 (/opt/ros/humble/share/rmw_fastrtps_cpp/cmake)
-- Using RMW implementation 'rmw_fastrtps_cpp' as default
-- Found sensor_msgs: 4.2.4 (/opt/ros/humble/share/sensor_msgs/cmake)
-- Found ament_lint_auto: 0.12.11 (/opt/ros/humble/share/ament_lint_auto/cmake)
-- Added test 'cppcheck' to perform static code analysis on C / C++ code
-- Configured cppcheck include dirs: $<BUILD_INTERFACE:/home/user/ws/src/ads1115/include>
-- Configured cppcheck exclude dirs and/or files: 
-- Added test 'lint_cmake' to check CMake code style
-- Added test 'uncrustify' to check C / C++ code style
-- Configured uncrustify additional arguments: 
-- Added test 'xmllint' to check XML markup files
-- Configuring done
-- Generating done
-- Build files have been written to: /home/user/ws/build/ads1115
[35m[1mConsolidate compiler generated dependencies of target battery_monitor[0m
[ 50%] [32mBuilding CXX object CMakeFiles/battery_monitor.dir/src/battery_monitor.cpp.o[0m
[01m[K/home/user/ws/src/ads1115/src/battery_monitor.cpp:29:5:[m[K [01;31m[Kerror: [m[Kinvalid use of template-name â€˜[01m[Krclcpp::Publisher[m[Kâ€™ without an argument list
   29 |     [01;31m[Krclcpp[m[K::Publisher::SharedPtr pub;
      |     [01;31m[K^~~~~~[m[K
[01m[K/home/user/ws/src/ads1115/src/battery_monitor.cpp:29:24:[m[K [01;31m[Kerror: [m[Kexpected â€˜[01m[K;[m[Kâ€™ at end of member declaration
   29 |     rclcpp::Publisher::[01;31m[KSharedPtr[m[K pub;
      |                        [01;31m[K^~~~~~~~~[m[K
      |                                 [32m[K;[m[K
[01m[K/home/user/ws/src/ads1115/src/battery_monitor.cpp:29:34:[m[K [01;31m[Kerror: [m[Kâ€˜[01m[Kpub[m[Kâ€™ does not name a type
   29 |     rclcpp::Publisher::SharedPtr [01;31m[Kpub[m[K;
      |                                  [01;31m[K^~~[m[K
[01m[K/home/user/ws/src/ads1115/src/battery_monitor.cpp:[m[K In constructor â€˜[01m[KADS1115::ADS1115()[m[Kâ€™:
[01m[K/home/user/ws/src/ads1115/src/battery_monitor.cpp:24:7:[m[K [01;31m[Kerror: [m[Kâ€˜[01m[Kpub[m[Kâ€™ was not declared in this scope
   24 |       [01;31m[Kpub[m[K = this->create_publisher<sensor_msgs::msg::BatteryState>("battery_state", 10);
      |       [01;31m[K^~~[m[K
[01m[K/home/user/ws/src/ads1115/src/battery_monitor.cpp:[m[K In member function â€˜[01m[Kvoid ADS1115::call()[m[Kâ€™:
[01m[K/home/user/ws/src/ads1115/src/battery_monitor.cpp:37:7:[m[K [01;31m[Kerror: [m[Kâ€˜[01m[Kpub[m[Kâ€™ was not declared in this scope
   37 |       [01;31m[Kpub[m[K->publish(msg);
      |       [01;31m[K^~~[m[K
gmake[2]: *** [CMakeFiles/battery_monitor.dir/build.make:76: CMakeFiles/battery_monitor.dir/src/battery_monitor.cpp.o] Error 1
gmake[1]: *** [CMakeFiles/Makefile2:137: CMakeFiles/battery_monitor.dir/all] Error 2
gmake: *** [Makefile:146: all] Error 2
