[01m[K/home/user/ws/src/ads1115/src/battery_monitor.cpp:[m[K In constructor â€˜[01m[KADS1115::ADS1115()[m[Kâ€™:
[01m[K/home/user/ws/src/ads1115/src/battery_monitor.cpp:11:36:[m[K [01;31m[Kerror: [m[Kâ€˜[01m[Kclass ADS1115[m[Kâ€™ has no member named â€˜[01m[Kcreate_walltimer[m[Kâ€™; did you mean â€˜[01m[Kcreate_wall_timer[m[Kâ€™?
   11 |                 auto timer = this->[01;31m[Kcreate_walltimer[m[K(1s, std::bind(&ADS1115::callback, this);
      |                                    [01;31m[K^~~~~~~~~~~~~~~~[m[K
      |                                    [32m[Kcreate_wall_timer[m[K
[01m[K/home/user/ws/src/ads1115/src/battery_monitor.cpp:11:92:[m[K [01;31m[Kerror: [m[Kexpected â€˜[01m[K)[m[Kâ€™ before â€˜[01m[K;[m[Kâ€™ token
   11 |                 auto timer = this->create_walltimer(1s, std::bind(&ADS1115::callback, this)[01;31m[K;[m[K
      |                                                                                            [01;31m[K^[m[K
[01m[K/home/user/ws/src/ads1115/src/battery_monitor.cpp:11:52:[m[K [01;36m[Knote: [m[Kto match this â€˜[01m[K([m[Kâ€™
   11 |                 auto timer = this->create_walltimer[01;36m[K([m[K1s, std::bind(&ADS1115::callback, this);
      |                                                    [01;36m[K^[m[K
gmake[2]: *** [CMakeFiles/battery_monitor.dir/build.make:76: CMakeFiles/battery_monitor.dir/src/battery_monitor.cpp.o] Error 1
gmake[1]: *** [CMakeFiles/Makefile2:137: CMakeFiles/battery_monitor.dir/all] Error 2
gmake: *** [Makefile:146: all] Error 2
