[0.046s] Invoking command in '/home/user/ws/build/ads1115': CMAKE_PREFIX_PATH=/opt/ros/humble /usr/bin/cmake --build /home/user/ws/build/ads1115 -- -j4 -l4
[0.206s] [35m[1mConsolidate compiler generated dependencies of target battery_monitor[0m
[0.289s] [ 50%] [32mBuilding CXX object CMakeFiles/battery_monitor.dir/src/battery_monitor.cpp.o[0m
[9.365s] [01m[K/home/user/ws/src/ads1115/src/battery_monitor.cpp:19:34:[m[K [01;31m[Kerror: [m[Kexpected â€˜[01m[K;[m[Kâ€™ at end of member declaration
[9.366s]    19 |     rclcpp::TimerBase::SharedPtr [01;31m[Ktimer[m[K
[9.366s]       |                                  [01;31m[K^~~~~[m[K
[9.367s]       |                                       [32m[K;[m[K
[11.014s] gmake[2]: *** [CMakeFiles/battery_monitor.dir/build.make:76: CMakeFiles/battery_monitor.dir/src/battery_monitor.cpp.o] Error 1
[11.015s] gmake[1]: *** [CMakeFiles/Makefile2:137: CMakeFiles/battery_monitor.dir/all] Error 2
[11.016s] gmake: *** [Makefile:146: all] Error 2
[11.022s] Invoked command in '/home/user/ws/build/ads1115' returned '2': CMAKE_PREFIX_PATH=/opt/ros/humble /usr/bin/cmake --build /home/user/ws/build/ads1115 -- -j4 -l4
