[0.041s] Invoking command in '/home/user/ws/build/ads1115': CMAKE_PREFIX_PATH=/opt/ros/humble /usr/bin/cmake --build /home/user/ws/build/ads1115 -- -j4 -l4
[0.208s] [35m[1mConsolidate compiler generated dependencies of target battery_monitor[0m
[0.291s] [ 50%] [32mBuilding CXX object CMakeFiles/battery_monitor.dir/src/battery_monitor.cpp.o[0m
[9.413s] [01m[K/home/user/ws/src/ads1115/src/battery_monitor.cpp:[m[K In constructor â€˜[01m[KADS1115::ADS1115()[m[Kâ€™:
[9.413s] [01m[K/home/user/ws/src/ads1115/src/battery_monitor.cpp:21:54:[m[K [01;31m[Kerror: [m[Kâ€˜[01m[KADS11115[m[Kâ€™ has not been declared
[9.414s]    21 |       timer = this->create_wall_timer(1s, std::bind(&[01;31m[KADS11115[m[K::call, this));
[9.414s]       |                                                      [01;31m[K^~~~~~~~[m[K
[10.911s] gmake[2]: *** [CMakeFiles/battery_monitor.dir/build.make:76: CMakeFiles/battery_monitor.dir/src/battery_monitor.cpp.o] Error 1
[10.911s] gmake[1]: *** [CMakeFiles/Makefile2:137: CMakeFiles/battery_monitor.dir/all] Error 2
[10.912s] gmake: *** [Makefile:146: all] Error 2
[10.918s] Invoked command in '/home/user/ws/build/ads1115' returned '2': CMAKE_PREFIX_PATH=/opt/ros/humble /usr/bin/cmake --build /home/user/ws/build/ads1115 -- -j4 -l4
